Using pre-set license
Built from '2020.3/release' branch; Version is '2020.3.12f1 (b3b2c6512326) revision 11776710'; Using compiler version '192528614'; Build Type 'Release'
OS: 'Windows 10 Pro; OS build 19043.1348; Version 2009; 64bit' Language: 'it' Physical Memory: 16296 MB
BatchMode: 1, IsHumanControllingUs: 0, StartBugReporterOnCrash: 0, Is64bit: 1, IsPro: 0

 COMMAND LINE ARGUMENTS:
C:\Program Files\Unity\Hub\Editor\2020.3.12f1\Editor\Unity.exe
-adb2
-batchMode
-noUpm
-name
AssetImportWorker0
-projectPath
C:/Complete C# Unity Game Developer 3D/rocket driver
-logFile
Logs/AssetImportWorker0.log
-srvPort
60963
Successfully changed project path to: C:/Complete C# Unity Game Developer 3D/rocket driver
C:/Complete C# Unity Game Developer 3D/rocket driver
Using Asset Import Pipeline V2.
Refreshing native plugins compatible for Editor in 31.15 ms, found 2 plugins.
Preloading 0 native plugins for Editor in 0.00 ms.
Initialize engine version: 2020.3.12f1 (b3b2c6512326)
[Subsystems] Discovering subsystems at path C:/Program Files/Unity/Hub/Editor/2020.3.12f1/Editor/Data/Resources/UnitySubsystems
[Subsystems] Discovering subsystems at path C:/Complete C# Unity Game Developer 3D/rocket driver/Assets
GfxDevice: creating device client; threaded=0
Direct3D:
    Version:  Direct3D 11.0 [level 11.1]
    Renderer: AMD Radeon (TM) R9 390 Series (ID=0x67b0)
    Vendor:   
    VRAM:     8168 MB
    Driver:   27.20.11027.3006
Initialize mono
Mono path[0] = 'C:/Program Files/Unity/Hub/Editor/2020.3.12f1/Editor/Data/Managed'
Mono path[1] = 'C:/Program Files/Unity/Hub/Editor/2020.3.12f1/Editor/Data/MonoBleedingEdge/lib/mono/unityjit'
Mono config path = 'C:/Program Files/Unity/Hub/Editor/2020.3.12f1/Editor/Data/MonoBleedingEdge/etc'
Using monoOptions --debugger-agent=transport=dt_socket,embedding=1,server=y,suspend=n,address=127.0.0.1:56980
Begin MonoManager ReloadAssembly
Registering precompiled unity dll's ...
Register platform support module: C:/Program Files/Unity/Hub/Editor/2020.3.12f1/Editor/Data/PlaybackEngines/WebGLSupport/UnityEditor.WebGL.Extensions.dll
Register platform support module: C:/Program Files/Unity/Hub/Editor/2020.3.12f1/Editor/Data/PlaybackEngines/WindowsStandaloneSupport/UnityEditor.WindowsStandalone.Extensions.dll
Registered in 0.002740 seconds.
Native extension for WindowsStandalone target not found
Native extension for WebGL target not found
Refreshing native plugins compatible for Editor in 28.85 ms, found 2 plugins.
Preloading 0 native plugins for Editor in 0.00 ms.
Mono: successfully reloaded assembly
- Completed reload, in  1.397 seconds
Platform modules already initialized, skipping
Registering precompiled user dll's ...
Registered in 0.004498 seconds.
Begin MonoManager ReloadAssembly
Native extension for WindowsStandalone target not found
Native extension for WebGL target not found
Refreshing native plugins compatible for Editor in 0.38 ms, found 2 plugins.
Preloading 0 native plugins for Editor in 0.00 ms.
Mono: successfully reloaded assembly
- Completed reload, in  1.161 seconds
Platform modules already initialized, skipping
========================================================================
Worker process is ready to serve import requests
Launched and connected shader compiler UnityShaderCompiler.exe after 0.04 seconds
Refreshing native plugins compatible for Editor in 0.36 ms, found 2 plugins.
Preloading 0 native plugins for Editor in 0.00 ms.
Unloading 1386 Unused Serialized files (Serialized files now loaded: 0)
System memory in use before: 64.7 MB.
System memory in use after: 64.7 MB.

Unloading 19 unused Assets to reduce memory usage. Loaded Objects now: 1819.
Total: 2.419400 ms (FindLiveObjects: 0.187200 ms CreateObjectMapping: 0.071200 ms MarkObjects: 2.070900 ms  DeleteObjects: 0.088900 ms)

AssetImportParameters requested are different than current active one (requested -> active):
  custom:framework-win-MediaFoundation: 216162199b28c13a410421893ffa2e32 -> 
  custom:video-decoder-ogg-theora: a1e56fd34408186e4bbccfd4996cb3dc -> 
  custom:container-muxer-webm: aa71ff27fc2769a1b78a27578f13a17b -> 
  custom:container-demuxer-webm: 4f35f7cbe854078d1ac9338744f61a02 -> 
  custom:container-demuxer-ogg: 62fdf1f143b41e24485cea50d1cbac27 -> 
  custom:video-encoder-webm-vp8: eb34c28f22e8b96e1ab97ce403110664 -> 
  custom:video-decoder-webm-vp8: 9c59270c3fd7afecdb556c50c9e8de78 -> 
  custom:audio-decoder-ogg-vorbis: bf7c407c2cedff20999df2af8eb42d56 -> 
  custom:audio-encoder-webm-vorbis: bf7c407c2cedff20999df2af8eb42d56 -> 
========================================================================
Received Import Request.
  path: Assets
  artifactKey: Guid(00000000000000001000000000000000) Importer(815301076,1909f56bfc062723c751e8b465ee728b)
Start importing Assets using Guid(00000000000000001000000000000000) Importer(815301076,1909f56bfc062723c751e8b465ee728b)  -> (artifact id: '42d402b061de3733987d63b9cc3b64de') in 0.009388 seconds 
  Import took 0.011850 seconds .

========================================================================
Received Import Request.
  Time since last request: 3.098322 seconds.
  path: Assets/Materials
  artifactKey: Guid(ceca06681e709b7479a135a861260f26) Importer(815301076,1909f56bfc062723c751e8b465ee728b)
Start importing Assets/Materials using Guid(ceca06681e709b7479a135a861260f26) Importer(815301076,1909f56bfc062723c751e8b465ee728b)  -> (artifact id: 'f118b3f89631053f9106bfc054989975') in 0.008317 seconds 
  Import took 0.010863 seconds .

========================================================================
Received Import Request.
  Time since last request: 0.000494 seconds.
  path: Assets/Materials
  artifactKey: Guid(ceca06681e709b7479a135a861260f26) Importer(815301076,1909f56bfc062723c751e8b465ee728b)
Start importing Assets/Materials using Guid(ceca06681e709b7479a135a861260f26) Importer(815301076,1909f56bfc062723c751e8b465ee728b)  -> (artifact id: 'f118b3f89631053f9106bfc054989975') in 0.003308 seconds 
  Import took 0.005482 seconds .

========================================================================
Received Import Request.
  Time since last request: 9.695014 seconds.
  path: Assets/Materials/Ground.mat
  artifactKey: Guid(80ce0ddfb55dcd741b31fbd2d53627d1) Importer(815301076,1909f56bfc062723c751e8b465ee728b)
Start importing Assets/Materials/Ground.mat using Guid(80ce0ddfb55dcd741b31fbd2d53627d1) Importer(815301076,1909f56bfc062723c751e8b465ee728b)  -> (artifact id: '64b2285c8075d286a0ccaade12c39001') in 0.128210 seconds 
  Import took 0.130878 seconds .

========================================================================
Received Import Request.
  Time since last request: 1027.815743 seconds.
  path: Assets/Materials/Lanch Pad Material.mat
  artifactKey: Guid(5c1785a8f55f00d45acd7b9f8d99c744) Importer(815301076,1909f56bfc062723c751e8b465ee728b)
Start importing Assets/Materials/Lanch Pad Material.mat using Guid(5c1785a8f55f00d45acd7b9f8d99c744) Importer(815301076,1909f56bfc062723c751e8b465ee728b)  -> (artifact id: 'a12340b31d34c057b605748149127732') in 0.020792 seconds 
  Import took 0.024094 seconds .

========================================================================
Received Import Request.
  Time since last request: 7.054689 seconds.
  path: Assets/Materials/Ground Material.mat
  artifactKey: Guid(80ce0ddfb55dcd741b31fbd2d53627d1) Importer(815301076,1909f56bfc062723c751e8b465ee728b)
Start importing Assets/Materials/Ground Material.mat using Guid(80ce0ddfb55dcd741b31fbd2d53627d1) Importer(815301076,1909f56bfc062723c751e8b465ee728b)  -> (artifact id: 'f5a8b98e92732670b42eff8f1f0ab0c3') in 0.012362 seconds 
  Import took 0.015222 seconds .

========================================================================
Received Import Request.
  Time since last request: 18.275513 seconds.
  path: Assets/Materials/Launch Pad Material.mat
  artifactKey: Guid(5c1785a8f55f00d45acd7b9f8d99c744) Importer(815301076,1909f56bfc062723c751e8b465ee728b)
Start importing Assets/Materials/Launch Pad Material.mat using Guid(5c1785a8f55f00d45acd7b9f8d99c744) Importer(815301076,1909f56bfc062723c751e8b465ee728b)  -> (artifact id: '8e93a1d56bcc5ef390340cf9b31acddd') in 0.011908 seconds 
  Import took 0.014521 seconds .

========================================================================
Received Import Request.
  Time since last request: 36.023697 seconds.
  path: Assets/Materials/Ground.prefab
  artifactKey: Guid(afb3f5414adbf4642b8826760fd152d2) Importer(815301076,1909f56bfc062723c751e8b465ee728b)
Start importing Assets/Materials/Ground.prefab using Guid(afb3f5414adbf4642b8826760fd152d2) Importer(815301076,1909f56bfc062723c751e8b465ee728b)  -> (artifact id: 'c3b263af860b63769e51fd190e09d453') in 0.030207 seconds 
  Import took 0.032939 seconds .

========================================================================
Received Import Request.
  Time since last request: 0.011300 seconds.
  path: Assets/Materials/Ground.prefab
  artifactKey: Guid(afb3f5414adbf4642b8826760fd152d2) Importer(815301076,1909f56bfc062723c751e8b465ee728b)
Start importing Assets/Materials/Ground.prefab using Guid(afb3f5414adbf4642b8826760fd152d2) Importer(815301076,1909f56bfc062723c751e8b465ee728b)  -> (artifact id: 'c3b263af860b63769e51fd190e09d453') in 0.007878 seconds 
  Import took 0.010454 seconds .

========================================================================
Received Import Request.
  Time since last request: 3.079272 seconds.
  path: Assets/Materials/Launch Pad.prefab
  artifactKey: Guid(fc7eff9f29a299145a090ab12bd14534) Importer(815301076,1909f56bfc062723c751e8b465ee728b)
Start importing Assets/Materials/Launch Pad.prefab using Guid(fc7eff9f29a299145a090ab12bd14534) Importer(815301076,1909f56bfc062723c751e8b465ee728b)  -> (artifact id: '049d0b1357612b18e313157fe2307ef4') in 0.011779 seconds 
  Import took 0.014426 seconds .

========================================================================
Received Import Request.
  Time since last request: 0.014830 seconds.
  path: Assets/Materials/Launch Pad.prefab
  artifactKey: Guid(fc7eff9f29a299145a090ab12bd14534) Importer(815301076,1909f56bfc062723c751e8b465ee728b)
Start importing Assets/Materials/Launch Pad.prefab using Guid(fc7eff9f29a299145a090ab12bd14534) Importer(815301076,1909f56bfc062723c751e8b465ee728b)  -> (artifact id: '049d0b1357612b18e313157fe2307ef4') in 0.007674 seconds 
  Import took 0.010216 seconds .

========================================================================
Received Import Request.
  Time since last request: 13.577381 seconds.
  path: Assets/Prefabs
  artifactKey: Guid(e3eeb73b90aa0134bb767f87d76aa6a0) Importer(815301076,1909f56bfc062723c751e8b465ee728b)
Start importing Assets/Prefabs using Guid(e3eeb73b90aa0134bb767f87d76aa6a0) Importer(815301076,1909f56bfc062723c751e8b465ee728b)  -> (artifact id: '2acdb52c41049879758804c7d2a4e722') in 0.006785 seconds 
  Import took 0.009630 seconds .

========================================================================
Received Import Request.
  Time since last request: 142.674554 seconds.
  path: Assets/Materials/Launch Pad Material.mat
  artifactKey: Guid(5c1785a8f55f00d45acd7b9f8d99c744) Importer(815301076,1909f56bfc062723c751e8b465ee728b)
Start importing Assets/Materials/Launch Pad Material.mat using Guid(5c1785a8f55f00d45acd7b9f8d99c744) Importer(815301076,1909f56bfc062723c751e8b465ee728b)  -> (artifact id: '67cdf43c993d1b4613b0d0464f6e652b') in 0.012747 seconds 
  Import took 0.015686 seconds .

========================================================================
Received Import Request.
  Time since last request: 15.724620 seconds.
  path: Assets/Materials/Landing Pad Material.mat
  artifactKey: Guid(32262fb48fb7376478e4d4efe8f2c7bb) Importer(815301076,1909f56bfc062723c751e8b465ee728b)
Start importing Assets/Materials/Landing Pad Material.mat using Guid(32262fb48fb7376478e4d4efe8f2c7bb) Importer(815301076,1909f56bfc062723c751e8b465ee728b)  -> (artifact id: '8481e1090a0af52ead1d41b68139d97b') in 0.012782 seconds 
  Import took 0.015652 seconds .

========================================================================
Received Prepare
Registering precompiled user dll's ...
Registered in 0.004512 seconds.
Begin MonoManager ReloadAssembly
Native extension for WindowsStandalone target not found
Native extension for WebGL target not found
Refreshing native plugins compatible for Editor in 0.61 ms, found 2 plugins.
Preloading 0 native plugins for Editor in 0.00 ms.
Mono: successfully reloaded assembly
- Completed reload, in  1.078 seconds
Platform modules already initialized, skipping
Refreshing native plugins compatible for Editor in 0.37 ms, found 2 plugins.
Preloading 0 native plugins for Editor in 0.00 ms.
Unloading 1381 Unused Serialized files (Serialized files now loaded: 0)
System memory in use before: 68.0 MB.
System memory in use after: 68.0 MB.

Unloading 14 unused Assets to reduce memory usage. Loaded Objects now: 1863.
Total: 2.113200 ms (FindLiveObjects: 0.172700 ms CreateObjectMapping: 0.059800 ms MarkObjects: 1.803600 ms  DeleteObjects: 0.075800 ms)

AssetImportParameters requested are different than current active one (requested -> active):
  custom:framework-win-MediaFoundation: 216162199b28c13a410421893ffa2e32 -> 
  custom:video-decoder-ogg-theora: a1e56fd34408186e4bbccfd4996cb3dc -> 
  custom:container-muxer-webm: aa71ff27fc2769a1b78a27578f13a17b -> 
  custom:container-demuxer-webm: 4f35f7cbe854078d1ac9338744f61a02 -> 
  custom:container-demuxer-ogg: 62fdf1f143b41e24485cea50d1cbac27 -> 
  custom:video-encoder-webm-vp8: eb34c28f22e8b96e1ab97ce403110664 -> 
  custom:video-decoder-webm-vp8: 9c59270c3fd7afecdb556c50c9e8de78 -> 
  custom:audio-decoder-ogg-vorbis: bf7c407c2cedff20999df2af8eb42d56 -> 
  custom:audio-encoder-webm-vorbis: bf7c407c2cedff20999df2af8eb42d56 -> 
========================================================================
Received Import Request.
  Time since last request: 206.354977 seconds.
  path: Assets/Materials/Landing Pad Material.mat
  artifactKey: Guid(32262fb48fb7376478e4d4efe8f2c7bb) Importer(815301076,1909f56bfc062723c751e8b465ee728b)
Start importing Assets/Materials/Landing Pad Material.mat using Guid(32262fb48fb7376478e4d4efe8f2c7bb) Importer(815301076,1909f56bfc062723c751e8b465ee728b)  -> (artifact id: 'd6f391be441748a8822f77be840b3091') in 0.065466 seconds 
  Import took 0.068465 seconds .

========================================================================
Received Import Request.
  Time since last request: 295.492347 seconds.
  path: Assets/Prefabs/Rocket.prefab
  artifactKey: Guid(d15f58356a38bb344ade3121b9ac5797) Importer(815301076,1909f56bfc062723c751e8b465ee728b)
Start importing Assets/Prefabs/Rocket.prefab using Guid(d15f58356a38bb344ade3121b9ac5797) Importer(815301076,1909f56bfc062723c751e8b465ee728b)  -> (artifact id: 'fbbb80bf8d17d1a53308e84db307e263') in 0.023534 seconds 
  Import took 0.027018 seconds .

========================================================================
Received Import Request.
  Time since last request: 0.012679 seconds.
  path: Assets/Prefabs/Rocket.prefab
  artifactKey: Guid(d15f58356a38bb344ade3121b9ac5797) Importer(815301076,1909f56bfc062723c751e8b465ee728b)
Start importing Assets/Prefabs/Rocket.prefab using Guid(d15f58356a38bb344ade3121b9ac5797) Importer(815301076,1909f56bfc062723c751e8b465ee728b)  -> (artifact id: 'fbbb80bf8d17d1a53308e84db307e263') in 0.008785 seconds 
  Import took 0.011414 seconds .

========================================================================
Received Import Request.
  Time since last request: 22.762180 seconds.
  path: Assets/Materials/Rocket Material.mat
  artifactKey: Guid(78746a1f5ad0c7c4e8ff9b43ed675349) Importer(815301076,1909f56bfc062723c751e8b465ee728b)
Start importing Assets/Materials/Rocket Material.mat using Guid(78746a1f5ad0c7c4e8ff9b43ed675349) Importer(815301076,1909f56bfc062723c751e8b465ee728b)  -> (artifact id: 'b2d647312042d7d457df08a4c66020ca') in 0.012646 seconds 
  Import took 0.015441 seconds .

========================================================================
Received Import Request.
  Time since last request: 74.730499 seconds.
  path: Assets/Materials/Rocket Material.mat
  artifactKey: Guid(78746a1f5ad0c7c4e8ff9b43ed675349) Importer(815301076,1909f56bfc062723c751e8b465ee728b)
Start importing Assets/Materials/Rocket Material.mat using Guid(78746a1f5ad0c7c4e8ff9b43ed675349) Importer(815301076,1909f56bfc062723c751e8b465ee728b)  -> (artifact id: 'd90dfd83db7112ae4c70c7ac48e11a75') in 0.011283 seconds 
  Import took 0.014014 seconds .

========================================================================
Received Import Request.
  Time since last request: 53.254767 seconds.
  path: Assets/Scenes/SampleScene.unity
  artifactKey: Guid(9fc0d4010bbf28b4594072e72b8655ab) Importer(815301076,1909f56bfc062723c751e8b465ee728b)
Start importing Assets/Scenes/SampleScene.unity using Guid(9fc0d4010bbf28b4594072e72b8655ab) Importer(815301076,1909f56bfc062723c751e8b465ee728b)  -> (artifact id: '46ca403a5db3306b2939b6bc481cc301') in 0.007948 seconds 
  Import took 0.011025 seconds .

========================================================================
Received Import Request.
  Time since last request: 14.525215 seconds.
  path: Assets/Scenes/Sandbox.unity
  artifactKey: Guid(9fc0d4010bbf28b4594072e72b8655ab) Importer(815301076,1909f56bfc062723c751e8b465ee728b)
Start importing Assets/Scenes/Sandbox.unity using Guid(9fc0d4010bbf28b4594072e72b8655ab) Importer(815301076,1909f56bfc062723c751e8b465ee728b)  -> (artifact id: '54fc95725c6221f13028feda06b90dab') in 0.006844 seconds 
  Import took 0.009452 seconds .

